Arguments: 
  C:\Program Files\node-v9.11.2-win-x64\node.exe C:\Program Files\node-v9.11.2-win-x64\node_modules\yarn\bin\yarn.js set version berry

PATH: 
  C:\Program Files (x86)\VMware\VMware Workstation\bin\;C:\Program Files (x86)\Common Files\Oracle\Java\javapath;C:\Windows\system32;C:\Windows;C:\Windows\System32\Wbem;C:\Windows\System32\WindowsPowerShell\v1.0\;C:\Windows\System32\OpenSSH\;C:\Program Files\Bandizip\;C:\Program Files\Microsoft SQL Server\130\Tools\Binn\;C:\Program Files (x86)\Tencent\微信web开发者工具\dll;C:\Program Files\NVIDIA Corporation\NVIDIA NvDLISR;C:\Program Files (x86)\NVIDIA Corporation\PhysX\Common;C:\Program Files\node-v9.11.2-win-x64;C:\Program Files\MySQL\MySQL Shell 8.0\bin\;C:\Users\40542\AppData\Local\Programs\Python\Python39\Scripts\;C:\Users\40542\AppData\Local\Programs\Python\Python39\;C:\Users\40542\AppData\Local\Microsoft\WindowsApps;;C:\Users\40542\AppData\Local\Programs\Microsoft VS Code\bin;C:\Program Files\JetBrains\PyCharm 2021.2.1\bin;

Yarn version: 
  1.22.18

Node version: 
  9.11.2

Platform: 
  win32 x64

Trace: 
  Error: getaddrinfo ENOENT raw.githubusercontent.com:443
      at GetAddrInfoReqWrap.onlookup [as oncomplete] (dns.js:67:26)

npm manifest: 
  {
    "name": "miniprogram-tms0",
    "version": "1.0.0",
    "description": "",
    "main": ".eslintrc.js",
    "scripts": {
      "test": "echo \"Error: no test specified\" && exit 1"
    },
    "keywords": [],
    "author": "",
    "license": "ISC",
    "dependencies": {
      "@vant/area-data": "^1.2.3",
      "@vant/weapp": "^1.10.2"
    }
  }

yarn manifest: 
  No manifest

Lockfile: 
  # THIS IS AN AUTOGENERATED FILE. DO NOT EDIT THIS FILE DIRECTLY.
  # yarn lockfile v1
  
  
  "@vant/area-data@^1.2.3":
    version "1.2.3"
    resolved "https://registry.yarnpkg.com/@vant/area-data/-/area-data-1.2.3.tgz#9c1b5a0e5e563836969bfc78f8a56e63657f3007"
    integrity sha512-9bDgEsFnTjdaYXPvsYKRQmxzKDdLCl0c1dOo4JGE6RhaIcq2kR2f5cK0LUdGK+U/SuBz9NfW5ejL1lejcFiP1Q==
  
  "@vant/weapp@^1.10.2":
    version "1.10.2"
    resolved "https://registry.yarnpkg.com/@vant/weapp/-/weapp-1.10.2.tgz#013fbf2fdc6d59d9e92bb82a0f772f032fb52945"
    integrity sha512-caqA0xQxM4lMRncFsRPPVMDdEzUBCJ4xdFXuKReXpEU3qwnVIP/WIjVDIi7mWyS7xqz8C9WfSW5JL4PrlSq31w==
